<?xml version="1.0" encoding="UTF-8" ?>
<testsuite errors="1" failures="0" hostname="MIS" name="NewBuyerTest" skipped="0" tests="1" time="1.879" timestamp="2024-07-29T08:31:48">
  <properties>
[...]
</properties>
  <testcase classname="NewBuyerTest" name="testSaveButtonAction" time="1.214">
    <error message="Could not initialize plugin: interface org.mockito.plugins.MockMaker (alternate: null)" type="java.lang.IllegalStateException">java.lang.IllegalStateException: Could not initialize plugin: interface org.mockito.plugins.MockMaker (alternate: null)
	at org.mockito.internal.configuration.plugins.PluginLoader$1.invoke(PluginLoader.java:85)
	at jdk.proxy2/jdk.proxy2.$Proxy7.isTypeMockable(Unknown Source)
	at org.mockito.internal.util.MockUtil.typeMockabilityOf(MockUtil.java:78)
	at org.mockito.internal.util.MockCreationValidator.validateType(MockCreationValidator.java:22)
	at org.mockito.internal.creation.MockSettingsImpl.validatedSettings(MockSettingsImpl.java:275)
	at org.mockito.internal.creation.MockSettingsImpl.build(MockSettingsImpl.java:236)
	at org.mockito.internal.MockitoCore.mock(MockitoCore.java:82)
	at org.mockito.Mockito.mock(Mockito.java:2104)
	at org.mockito.Mockito.mock(Mockito.java:2019)
	at NewBuyerTest.setUp(Unknown Source)
	at java.base/jdk.internal.reflect.DirectMethodHandleAccessor.invoke(DirectMethodHandleAccessor.java:103)
Caused by: java.lang.IllegalStateException: Internal problem occurred, please report it. Mockito is unable to load the default implementation of class that is a part of Mockito distribution. Failed to load interface org.mockito.plugins.MockMaker
	at org.mockito.internal.configuration.plugins.DefaultMockitoPlugins.create(DefaultMockitoPlugins.java:105)
	at org.mockito.internal.configuration.plugins.DefaultMockitoPlugins.getDefaultPlugin(DefaultMockitoPlugins.java:79)
	at org.mockito.internal.configuration.plugins.PluginLoader.loadPlugin(PluginLoader.java:75)
	at org.mockito.internal.configuration.plugins.PluginLoader.loadPlugin(PluginLoader.java:49)
	at org.mockito.internal.configuration.plugins.PluginRegistry.&lt;init&gt;(PluginRegistry.java:29)
	at org.mockito.internal.configuration.plugins.Plugins.&lt;clinit&gt;(Plugins.java:26)
	at org.mockito.internal.configuration.GlobalConfiguration.tryGetPluginAnnotationEngine(GlobalConfiguration.java:50)
	at org.mockito.MockitoAnnotations.openMocks(MockitoAnnotations.java:80)
	at org.mockito.MockitoAnnotations.initMocks(MockitoAnnotations.java:99)
Caused by: java.lang.reflect.InvocationTargetException
	at java.base/jdk.internal.reflect.DirectConstructorHandleAccessor.newInstance(DirectConstructorHandleAccessor.java:74)
	at java.base/java.lang.reflect.Constructor.newInstanceWithCaller(Constructor.java:502)
	at java.base/java.lang.reflect.Constructor.newInstance(Constructor.java:486)
	at org.mockito.internal.configuration.plugins.DefaultMockitoPlugins.create(DefaultMockitoPlugins.java:103)
Caused by: org.mockito.exceptions.base.MockitoInitializationException: 
Could not initialize inline Byte Buddy mock maker.


It seems like you are running Mockito with an incomplete or inconsistent class path. Byte Buddy Agent could not be loaded.

Byte Buddy Agent is available on Maven Central as &apos;net.bytebuddy:byte-buddy-agent&apos; with the module name &apos;net.bytebuddy.agent&apos;.
Normally, your IDE or build tool (such as Maven or Gradle) should take care of your class path completion but 
Java               : 22
JVM vendor name    : Oracle Corporation
JVM vendor version : 22.0.1+8-16
JVM name           : Java HotSpot(TM) 64-Bit Server VM
JVM version        : 22.0.1+8-16
JVM info           : mixed mode, sharing
OS name            : Windows 10
OS version         : 10.0

	at org.mockito.internal.creation.bytebuddy.InlineDelegateByteBuddyMockMaker.&lt;init&gt;(InlineDelegateByteBuddyMockMaker.java:260)
	at org.mockito.internal.creation.bytebuddy.InlineByteBuddyMockMaker.&lt;init&gt;(InlineByteBuddyMockMaker.java:23)
	at java.base/jdk.internal.reflect.DirectConstructorHandleAccessor.newInstance(DirectConstructorHandleAccessor.java:62)
Caused by: java.lang.NoClassDefFoundError: net/bytebuddy/agent/ByteBuddyAgent
	at org.mockito.internal.creation.bytebuddy.InlineDelegateByteBuddyMockMaker.&lt;clinit&gt;(InlineDelegateByteBuddyMockMaker.java:133)
Caused by: java.lang.ClassNotFoundException: net.bytebuddy.agent.ByteBuddyAgent
	at java.base/jdk.internal.loader.BuiltinClassLoader.loadClass(BuiltinClassLoader.java:641)
	at java.base/jdk.internal.loader.ClassLoaders$AppClassLoader.loadClass(ClassLoaders.java:188)
	at java.base/java.lang.ClassLoader.loadClass(ClassLoader.java:525)
</error>
  </testcase>
  <system-out><![CDATA[]]></system-out>
  <system-err><![CDATA[]]></system-err>
</testsuite>
